<?xml version="1.0" encoding="UTF-8"?>
<coverage generated="1762201229874" clover="3.2.0">
  <project timestamp="1762201229874" name="All files">
    <metrics statements="128" coveredstatements="119" conditionals="39" coveredconditionals="33" methods="17" coveredmethods="17" elements="184" coveredelements="169" complexity="0" loc="128" ncloc="128" packages="1" files="5" classes="5"/>
    <file name="create-webhook.js" path="/Users/victor.de.s.alves/Projects/twillio/webhook-server-heroku/service/create-webhook.js">
      <metrics statements="33" coveredstatements="33" conditionals="15" coveredconditionals="15" methods="4" coveredmethods="4"/>
      <line num="2" count="1" type="stmt"/>
      <line num="4" count="1" type="stmt"/>
      <line num="5" count="7" type="stmt"/>
      <line num="6" count="7" type="stmt"/>
      <line num="7" count="7" type="stmt"/>
      <line num="9" count="7" type="stmt"/>
      <line num="12" count="7" type="cond" truecount="5" falsecount="0"/>
      <line num="13" count="1" type="stmt"/>
      <line num="19" count="6" type="cond" truecount="4" falsecount="0"/>
      <line num="20" count="1" type="stmt"/>
      <line num="25" count="5" type="cond" truecount="4" falsecount="0"/>
      <line num="26" count="1" type="stmt"/>
      <line num="31" count="4" type="stmt"/>
      <line num="34" count="4" type="cond" truecount="2" falsecount="0"/>
      <line num="36" count="2" type="stmt"/>
      <line num="39" count="2" type="stmt"/>
      <line num="42" count="2" type="stmt"/>
      <line num="49" count="2" type="stmt"/>
      <line num="50" count="2" type="stmt"/>
      <line num="59" count="2" type="stmt"/>
      <line num="61" count="2" type="stmt"/>
      <line num="62" count="2" type="stmt"/>
      <line num="71" count="1" type="stmt"/>
      <line num="73" count="1" type="stmt"/>
      <line num="82" count="1" type="stmt"/>
      <line num="83" count="1" type="stmt"/>
      <line num="88" count="2" type="stmt"/>
      <line num="90" count="2" type="stmt"/>
      <line num="91" count="2" type="stmt"/>
      <line num="100" count="1" type="stmt"/>
      <line num="102" count="1" type="stmt"/>
      <line num="112" count="1" type="stmt"/>
      <line num="113" count="1" type="stmt"/>
    </file>
    <file name="fetch-conversations.js" path="/Users/victor.de.s.alves/Projects/twillio/webhook-server-heroku/service/fetch-conversations.js">
      <metrics statements="20" coveredstatements="19" conditionals="5" coveredconditionals="4" methods="3" coveredmethods="3"/>
      <line num="2" count="1" type="stmt"/>
      <line num="3" count="1" type="stmt"/>
      <line num="4" count="2" type="stmt"/>
      <line num="5" count="2" type="stmt"/>
      <line num="6" count="2" type="stmt"/>
      <line num="8" count="2" type="stmt"/>
      <line num="11" count="2" type="cond" truecount="4" falsecount="1"/>
      <line num="12" count="0" type="stmt"/>
      <line num="15" count="2" type="stmt"/>
      <line num="16" count="2" type="stmt"/>
      <line num="18" count="1" type="stmt"/>
      <line num="20" count="1" type="stmt"/>
      <line num="21" count="1" type="stmt"/>
      <line num="27" count="2" type="stmt"/>
      <line num="28" count="2" type="stmt"/>
      <line num="29" count="2" type="stmt"/>
      <line num="33" count="1" type="stmt"/>
      <line num="34" count="1" type="stmt"/>
      <line num="36" count="1" type="stmt"/>
      <line num="37" count="1" type="stmt"/>
    </file>
    <file name="list-webhooks.js" path="/Users/victor.de.s.alves/Projects/twillio/webhook-server-heroku/service/list-webhooks.js">
      <metrics statements="22" coveredstatements="21" conditionals="7" coveredconditionals="5" methods="4" coveredmethods="4"/>
      <line num="2" count="1" type="stmt"/>
      <line num="3" count="1" type="stmt"/>
      <line num="4" count="2" type="stmt"/>
      <line num="5" count="2" type="stmt"/>
      <line num="6" count="2" type="stmt"/>
      <line num="8" count="2" type="stmt"/>
      <line num="11" count="2" type="cond" truecount="4" falsecount="1"/>
      <line num="12" count="0" type="stmt"/>
      <line num="15" count="2" type="stmt"/>
      <line num="16" count="2" type="stmt"/>
      <line num="18" count="1" type="stmt"/>
      <line num="20" count="1" type="stmt"/>
      <line num="21" count="1" type="stmt"/>
      <line num="27" count="2" type="stmt"/>
      <line num="28" count="2" type="stmt"/>
      <line num="29" count="2" type="stmt"/>
      <line num="33" count="1" type="stmt"/>
      <line num="35" count="1" type="stmt"/>
      <line num="36" count="1" type="stmt"/>
      <line num="40" count="1" type="stmt"/>
      <line num="50" count="1" type="stmt"/>
      <line num="51" count="1" type="stmt"/>
    </file>
    <file name="listener-twilio.js" path="/Users/victor.de.s.alves/Projects/twillio/webhook-server-heroku/service/listener-twilio.js">
      <metrics statements="34" coveredstatements="30" conditionals="6" coveredconditionals="3" methods="3" coveredmethods="3"/>
      <line num="2" count="1" type="stmt"/>
      <line num="4" count="1" type="stmt"/>
      <line num="6" count="2" type="stmt"/>
      <line num="8" count="2" type="stmt"/>
      <line num="9" count="1" type="stmt"/>
      <line num="10" count="1" type="stmt"/>
      <line num="13" count="1" type="stmt"/>
      <line num="14" count="1" type="stmt"/>
      <line num="34" count="1" type="stmt"/>
      <line num="37" count="1" type="stmt"/>
      <line num="38" count="1" type="stmt"/>
      <line num="39" count="1" type="stmt"/>
      <line num="40" count="1" type="stmt"/>
      <line num="41" count="1" type="stmt"/>
      <line num="42" count="1" type="cond" truecount="1" falsecount="1"/>
      <line num="43" count="1" type="cond" truecount="1" falsecount="1"/>
      <line num="44" count="1" type="stmt"/>
      <line num="45" count="1" type="stmt"/>
      <line num="46" count="1" type="stmt"/>
      <line num="47" count="1" type="stmt"/>
      <line num="50" count="1" type="stmt"/>
      <line num="51" count="1" type="stmt"/>
      <line num="52" count="1" type="stmt"/>
      <line num="53" count="1" type="stmt"/>
      <line num="54" count="1" type="stmt"/>
      <line num="57" count="1" type="cond" truecount="1" falsecount="1"/>
      <line num="58" count="0" type="stmt"/>
      <line num="59" count="0" type="stmt"/>
      <line num="60" count="0" type="stmt"/>
      <line num="62" count="0" type="stmt"/>
      <line num="66" count="1" type="stmt"/>
      <line num="69" count="1" type="stmt"/>
      <line num="79" count="2" type="stmt"/>
      <line num="80" count="1" type="stmt"/>
    </file>
    <file name="remove-webhook.js" path="/Users/victor.de.s.alves/Projects/twillio/webhook-server-heroku/service/remove-webhook.js">
      <metrics statements="19" coveredstatements="16" conditionals="6" coveredconditionals="6" methods="3" coveredmethods="3"/>
      <line num="2" count="1" type="stmt"/>
      <line num="3" count="1" type="stmt"/>
      <line num="4" count="2" type="stmt"/>
      <line num="5" count="2" type="stmt"/>
      <line num="6" count="2" type="stmt"/>
      <line num="8" count="2" type="stmt"/>
      <line num="11" count="2" type="cond" truecount="6" falsecount="0"/>
      <line num="12" count="1" type="stmt"/>
      <line num="15" count="1" type="stmt"/>
      <line num="16" count="1" type="stmt"/>
      <line num="18" count="1" type="stmt"/>
      <line num="20" count="0" type="stmt"/>
      <line num="21" count="0" type="stmt"/>
      <line num="23" count="1" type="stmt"/>
      <line num="28" count="1" type="stmt"/>
      <line num="29" count="1" type="stmt"/>
      <line num="30" count="1" type="stmt"/>
      <line num="35" count="1" type="stmt"/>
      <line num="37" count="0" type="stmt"/>
    </file>
  </project>
</coverage>
