{"/Users/victor.de.s.alves/Projects/twillio/webhook-server-heroku/service/create-webhook.js": {"path":"/Users/victor.de.s.alves/Projects/twillio/webhook-server-heroku/service/create-webhook.js","statementMap":{"0":{"start":{"line":2,"column":15},"end":{"line":2,"column":32}},"1":{"start":{"line":4,"column":0},"end":{"line":56,"column":2}},"2":{"start":{"line":5,"column":2},"end":{"line":55,"column":5}},"3":{"start":{"line":6,"column":4},"end":{"line":6,"column":38}},"4":{"start":{"line":7,"column":4},"end":{"line":7,"column":26}},"5":{"start":{"line":9,"column":82},"end":{"line":9,"column":90}},"6":{"start":{"line":12,"column":4},"end":{"line":16,"column":5}},"7":{"start":{"line":13,"column":6},"end":{"line":15,"column":9}},"8":{"start":{"line":19,"column":4},"end":{"line":23,"column":5}},"9":{"start":{"line":20,"column":6},"end":{"line":22,"column":9}},"10":{"start":{"line":25,"column":4},"end":{"line":29,"column":5}},"11":{"start":{"line":26,"column":6},"end":{"line":28,"column":9}},"12":{"start":{"line":31,"column":4},"end":{"line":54,"column":5}},"13":{"start":{"line":34,"column":6},"end":{"line":40,"column":7}},"14":{"start":{"line":36,"column":8},"end":{"line":36,"column":97}},"15":{"start":{"line":39,"column":8},"end":{"line":39,"column":103}},"16":{"start":{"line":42,"column":6},"end":{"line":46,"column":9}},"17":{"start":{"line":49,"column":6},"end":{"line":49,"column":53}},"18":{"start":{"line":50,"column":6},"end":{"line":53,"column":9}},"19":{"start":{"line":59,"column":17},"end":{"line":59,"column":46}},"20":{"start":{"line":61,"column":2},"end":{"line":84,"column":3}},"21":{"start":{"line":62,"column":20},"end":{"line":69,"column":8}},"22":{"start":{"line":71,"column":4},"end":{"line":71,"column":51}},"23":{"start":{"line":73,"column":4},"end":{"line":79,"column":6}},"24":{"start":{"line":82,"column":4},"end":{"line":82,"column":58}},"25":{"start":{"line":83,"column":4},"end":{"line":83,"column":71}},"26":{"start":{"line":88,"column":17},"end":{"line":88,"column":46}},"27":{"start":{"line":90,"column":2},"end":{"line":114,"column":3}},"28":{"start":{"line":91,"column":20},"end":{"line":98,"column":8}},"29":{"start":{"line":100,"column":4},"end":{"line":100,"column":48}},"30":{"start":{"line":102,"column":4},"end":{"line":109,"column":6}},"31":{"start":{"line":112,"column":4},"end":{"line":112,"column":55}},"32":{"start":{"line":113,"column":4},"end":{"line":113,"column":68}}},"fnMap":{"0":{"name":"(anonymous_0)","decl":{"start":{"line":4,"column":17},"end":{"line":4,"column":18}},"loc":{"start":{"line":4,"column":26},"end":{"line":56,"column":1}},"line":4},"1":{"name":"(anonymous_1)","decl":{"start":{"line":5,"column":30},"end":{"line":5,"column":31}},"loc":{"start":{"line":5,"column":50},"end":{"line":55,"column":3}},"line":5},"2":{"name":"createStudioWebhook","decl":{"start":{"line":58,"column":15},"end":{"line":58,"column":34}},"loc":{"start":{"line":58,"column":84},"end":{"line":85,"column":1}},"line":58},"3":{"name":"createUrlWebhook","decl":{"start":{"line":87,"column":15},"end":{"line":87,"column":31}},"loc":{"start":{"line":87,"column":90},"end":{"line":115,"column":1}},"line":87}},"branchMap":{"0":{"loc":{"start":{"line":12,"column":4},"end":{"line":16,"column":5}},"type":"if","locations":[{"start":{"line":12,"column":4},"end":{"line":16,"column":5}},{"start":{},"end":{}}],"line":12},"1":{"loc":{"start":{"line":12,"column":8},"end":{"line":12,"column":53}},"type":"binary-expr","locations":[{"start":{"line":12,"column":8},"end":{"line":12,"column":24}},{"start":{"line":12,"column":28},"end":{"line":12,"column":39}},{"start":{"line":12,"column":43},"end":{"line":12,"column":53}}],"line":12},"2":{"loc":{"start":{"line":19,"column":4},"end":{"line":23,"column":5}},"type":"if","locations":[{"start":{"line":19,"column":4},"end":{"line":23,"column":5}},{"start":{},"end":{}}],"line":19},"3":{"loc":{"start":{"line":19,"column":8},"end":{"line":19,"column":37}},"type":"binary-expr","locations":[{"start":{"line":19,"column":8},"end":{"line":19,"column":16}},{"start":{"line":19,"column":20},"end":{"line":19,"column":37}}],"line":19},"4":{"loc":{"start":{"line":25,"column":4},"end":{"line":29,"column":5}},"type":"if","locations":[{"start":{"line":25,"column":4},"end":{"line":29,"column":5}},{"start":{},"end":{}}],"line":25},"5":{"loc":{"start":{"line":25,"column":8},"end":{"line":25,"column":35}},"type":"binary-expr","locations":[{"start":{"line":25,"column":8},"end":{"line":25,"column":15}},{"start":{"line":25,"column":19},"end":{"line":25,"column":35}}],"line":25},"6":{"loc":{"start":{"line":34,"column":6},"end":{"line":40,"column":7}},"type":"if","locations":[{"start":{"line":34,"column":6},"end":{"line":40,"column":7}},{"start":{"line":37,"column":13},"end":{"line":40,"column":7}}],"line":34}},"s":{"0":1,"1":1,"2":7,"3":7,"4":7,"5":7,"6":7,"7":1,"8":6,"9":1,"10":5,"11":1,"12":4,"13":4,"14":2,"15":2,"16":2,"17":2,"18":2,"19":2,"20":2,"21":2,"22":1,"23":1,"24":1,"25":1,"26":2,"27":2,"28":2,"29":1,"30":1,"31":1,"32":1},"f":{"0":7,"1":7,"2":2,"3":2},"b":{"0":[1,6],"1":[7,6,6],"2":[1,5],"3":[6,3],"4":[1,4],"5":[5,3],"6":[2,2]},"_coverageSchema":"1a1c01bbd47fc00a2c39e90264f33305004495a9","hash":"c5fec6f73a030c7789d0bca1a38bb975c9cd4cb6"}
,"/Users/victor.de.s.alves/Projects/twillio/webhook-server-heroku/service/fetch-conversations.js": {"path":"/Users/victor.de.s.alves/Projects/twillio/webhook-server-heroku/service/fetch-conversations.js","statementMap":{"0":{"start":{"line":2,"column":15},"end":{"line":2,"column":32}},"1":{"start":{"line":3,"column":0},"end":{"line":24,"column":2}},"2":{"start":{"line":4,"column":2},"end":{"line":23,"column":5}},"3":{"start":{"line":5,"column":4},"end":{"line":5,"column":38}},"4":{"start":{"line":6,"column":4},"end":{"line":6,"column":26}},"5":{"start":{"line":8,"column":56},"end":{"line":8,"column":64}},"6":{"start":{"line":11,"column":4},"end":{"line":13,"column":5}},"7":{"start":{"line":12,"column":6},"end":{"line":12,"column":115}},"8":{"start":{"line":15,"column":4},"end":{"line":22,"column":5}},"9":{"start":{"line":16,"column":28},"end":{"line":16,"column":91}},"10":{"start":{"line":18,"column":6},"end":{"line":18,"column":42}},"11":{"start":{"line":20,"column":6},"end":{"line":20,"column":59}},"12":{"start":{"line":21,"column":6},"end":{"line":21,"column":69}},"13":{"start":{"line":27,"column":20},"end":{"line":27,"column":49}},"14":{"start":{"line":28,"column":2},"end":{"line":38,"column":3}},"15":{"start":{"line":29,"column":25},"end":{"line":31,"column":14}},"16":{"start":{"line":33,"column":4},"end":{"line":33,"column":55}},"17":{"start":{"line":34,"column":4},"end":{"line":34,"column":24}},"18":{"start":{"line":36,"column":4},"end":{"line":36,"column":57}},"19":{"start":{"line":37,"column":4},"end":{"line":37,"column":16}}},"fnMap":{"0":{"name":"(anonymous_0)","decl":{"start":{"line":3,"column":17},"end":{"line":3,"column":18}},"loc":{"start":{"line":3,"column":26},"end":{"line":24,"column":1}},"line":3},"1":{"name":"(anonymous_1)","decl":{"start":{"line":4,"column":35},"end":{"line":4,"column":36}},"loc":{"start":{"line":4,"column":55},"end":{"line":23,"column":3}},"line":4},"2":{"name":"fetchConversation","decl":{"start":{"line":26,"column":15},"end":{"line":26,"column":32}},"loc":{"start":{"line":26,"column":73},"end":{"line":39,"column":1}},"line":26}},"branchMap":{"0":{"loc":{"start":{"line":11,"column":4},"end":{"line":13,"column":5}},"type":"if","locations":[{"start":{"line":11,"column":4},"end":{"line":13,"column":5}},{"start":{},"end":{}}],"line":11},"1":{"loc":{"start":{"line":11,"column":8},"end":{"line":11,"column":53}},"type":"binary-expr","locations":[{"start":{"line":11,"column":8},"end":{"line":11,"column":24}},{"start":{"line":11,"column":28},"end":{"line":11,"column":39}},{"start":{"line":11,"column":43},"end":{"line":11,"column":53}}],"line":11}},"s":{"0":1,"1":1,"2":2,"3":2,"4":2,"5":2,"6":2,"7":0,"8":2,"9":2,"10":1,"11":1,"12":1,"13":2,"14":2,"15":2,"16":1,"17":1,"18":1,"19":1},"f":{"0":2,"1":2,"2":2},"b":{"0":[0,2],"1":[2,2,2]},"_coverageSchema":"1a1c01bbd47fc00a2c39e90264f33305004495a9","hash":"c2162115fa16be7ba484cbc8ae711b72918c1cfd"}
,"/Users/victor.de.s.alves/Projects/twillio/webhook-server-heroku/service/list-webhooks.js": {"path":"/Users/victor.de.s.alves/Projects/twillio/webhook-server-heroku/service/list-webhooks.js","statementMap":{"0":{"start":{"line":2,"column":15},"end":{"line":2,"column":32}},"1":{"start":{"line":3,"column":0},"end":{"line":24,"column":2}},"2":{"start":{"line":4,"column":2},"end":{"line":23,"column":5}},"3":{"start":{"line":5,"column":4},"end":{"line":5,"column":38}},"4":{"start":{"line":6,"column":4},"end":{"line":6,"column":26}},"5":{"start":{"line":8,"column":55},"end":{"line":8,"column":63}},"6":{"start":{"line":11,"column":4},"end":{"line":13,"column":5}},"7":{"start":{"line":12,"column":6},"end":{"line":12,"column":115}},"8":{"start":{"line":15,"column":4},"end":{"line":22,"column":5}},"9":{"start":{"line":16,"column":27},"end":{"line":16,"column":85}},"10":{"start":{"line":18,"column":6},"end":{"line":18,"column":41}},"11":{"start":{"line":20,"column":6},"end":{"line":20,"column":55}},"12":{"start":{"line":21,"column":6},"end":{"line":21,"column":65}},"13":{"start":{"line":27,"column":19},"end":{"line":27,"column":48}},"14":{"start":{"line":28,"column":2},"end":{"line":52,"column":3}},"15":{"start":{"line":29,"column":21},"end":{"line":31,"column":22}},"16":{"start":{"line":33,"column":4},"end":{"line":33,"column":47}},"17":{"start":{"line":35,"column":29},"end":{"line":37,"column":10}},"18":{"start":{"line":36,"column":19},"end":{"line":36,"column":46}},"19":{"start":{"line":40,"column":4},"end":{"line":47,"column":6}},"20":{"start":{"line":50,"column":4},"end":{"line":50,"column":52}},"21":{"start":{"line":51,"column":4},"end":{"line":51,"column":16}}},"fnMap":{"0":{"name":"(anonymous_0)","decl":{"start":{"line":3,"column":17},"end":{"line":3,"column":18}},"loc":{"start":{"line":3,"column":26},"end":{"line":24,"column":1}},"line":3},"1":{"name":"(anonymous_1)","decl":{"start":{"line":4,"column":28},"end":{"line":4,"column":29}},"loc":{"start":{"line":4,"column":48},"end":{"line":23,"column":3}},"line":4},"2":{"name":"listWebhooks","decl":{"start":{"line":26,"column":15},"end":{"line":26,"column":27}},"loc":{"start":{"line":26,"column":68},"end":{"line":53,"column":1}},"line":26},"3":{"name":"(anonymous_3)","decl":{"start":{"line":36,"column":6},"end":{"line":36,"column":7}},"loc":{"start":{"line":36,"column":19},"end":{"line":36,"column":46}},"line":36}},"branchMap":{"0":{"loc":{"start":{"line":11,"column":4},"end":{"line":13,"column":5}},"type":"if","locations":[{"start":{"line":11,"column":4},"end":{"line":13,"column":5}},{"start":{},"end":{}}],"line":11},"1":{"loc":{"start":{"line":11,"column":8},"end":{"line":11,"column":53}},"type":"binary-expr","locations":[{"start":{"line":11,"column":8},"end":{"line":11,"column":24}},{"start":{"line":11,"column":28},"end":{"line":11,"column":39}},{"start":{"line":11,"column":43},"end":{"line":11,"column":53}}],"line":11},"2":{"loc":{"start":{"line":45,"column":13},"end":{"line":45,"column":37}},"type":"binary-expr","locations":[{"start":{"line":45,"column":13},"end":{"line":45,"column":29}},{"start":{"line":45,"column":33},"end":{"line":45,"column":37}}],"line":45}},"s":{"0":1,"1":1,"2":2,"3":2,"4":2,"5":2,"6":2,"7":0,"8":2,"9":2,"10":1,"11":1,"12":1,"13":2,"14":2,"15":2,"16":1,"17":1,"18":1,"19":1,"20":1,"21":1},"f":{"0":2,"1":2,"2":2,"3":1},"b":{"0":[0,2],"1":[2,2,2],"2":[1,0]},"_coverageSchema":"1a1c01bbd47fc00a2c39e90264f33305004495a9","hash":"13276a9cfa881fcaf866a134393c7365cfff760e"}
,"/Users/victor.de.s.alves/Projects/twillio/webhook-server-heroku/service/listener-twilio.js": {"path":"/Users/victor.de.s.alves/Projects/twillio/webhook-server-heroku/service/listener-twilio.js","statementMap":{"0":{"start":{"line":2,"column":16},"end":{"line":2,"column":34}},"1":{"start":{"line":4,"column":0},"end":{"line":88,"column":2}},"2":{"start":{"line":6,"column":2},"end":{"line":6,"column":71}},"3":{"start":{"line":8,"column":2},"end":{"line":76,"column":5}},"4":{"start":{"line":9,"column":4},"end":{"line":9,"column":54}},"5":{"start":{"line":10,"column":4},"end":{"line":10,"column":56}},"6":{"start":{"line":13,"column":4},"end":{"line":13,"column":41}},"7":{"start":{"line":14,"column":4},"end":{"line":14,"column":44}},"8":{"start":{"line":34,"column":8},"end":{"line":34,"column":16}},"9":{"start":{"line":37,"column":4},"end":{"line":37,"column":45}},"10":{"start":{"line":38,"column":4},"end":{"line":38,"column":46}},"11":{"start":{"line":39,"column":4},"end":{"line":39,"column":54}},"12":{"start":{"line":40,"column":4},"end":{"line":40,"column":44}},"13":{"start":{"line":41,"column":4},"end":{"line":41,"column":44}},"14":{"start":{"line":42,"column":4},"end":{"line":42,"column":60}},"15":{"start":{"line":43,"column":4},"end":{"line":43,"column":61}},"16":{"start":{"line":44,"column":4},"end":{"line":44,"column":34}},"17":{"start":{"line":45,"column":4},"end":{"line":45,"column":43}},"18":{"start":{"line":46,"column":4},"end":{"line":46,"column":34}},"19":{"start":{"line":47,"column":4},"end":{"line":47,"column":43}},"20":{"start":{"line":50,"column":4},"end":{"line":50,"column":44}},"21":{"start":{"line":51,"column":4},"end":{"line":51,"column":52}},"22":{"start":{"line":52,"column":4},"end":{"line":52,"column":63}},"23":{"start":{"line":53,"column":4},"end":{"line":53,"column":53}},"24":{"start":{"line":54,"column":4},"end":{"line":54,"column":44}},"25":{"start":{"line":57,"column":4},"end":{"line":64,"column":5}},"26":{"start":{"line":58,"column":6},"end":{"line":63,"column":7}},"27":{"start":{"line":59,"column":33},"end":{"line":59,"column":75}},"28":{"start":{"line":60,"column":8},"end":{"line":60,"column":52}},"29":{"start":{"line":62,"column":8},"end":{"line":62,"column":52}},"30":{"start":{"line":66,"column":4},"end":{"line":66,"column":44}},"31":{"start":{"line":69,"column":4},"end":{"line":75,"column":7}},"32":{"start":{"line":79,"column":2},"end":{"line":87,"column":5}},"33":{"start":{"line":80,"column":4},"end":{"line":86,"column":7}}},"fnMap":{"0":{"name":"(anonymous_0)","decl":{"start":{"line":4,"column":17},"end":{"line":4,"column":18}},"loc":{"start":{"line":4,"column":26},"end":{"line":88,"column":1}},"line":4},"1":{"name":"(anonymous_1)","decl":{"start":{"line":8,"column":32},"end":{"line":8,"column":33}},"loc":{"start":{"line":8,"column":46},"end":{"line":76,"column":3}},"line":8},"2":{"name":"(anonymous_2)","decl":{"start":{"line":79,"column":31},"end":{"line":79,"column":32}},"loc":{"start":{"line":79,"column":45},"end":{"line":87,"column":3}},"line":79}},"branchMap":{"0":{"loc":{"start":{"line":42,"column":45},"end":{"line":42,"column":57}},"type":"binary-expr","locations":[{"start":{"line":42,"column":45},"end":{"line":42,"column":51}},{"start":{"line":42,"column":55},"end":{"line":42,"column":57}}],"line":42},"1":{"loc":{"start":{"line":43,"column":48},"end":{"line":43,"column":58}},"type":"binary-expr","locations":[{"start":{"line":43,"column":48},"end":{"line":43,"column":52}},{"start":{"line":43,"column":56},"end":{"line":43,"column":58}}],"line":43},"2":{"loc":{"start":{"line":57,"column":4},"end":{"line":64,"column":5}},"type":"if","locations":[{"start":{"line":57,"column":4},"end":{"line":64,"column":5}},{"start":{},"end":{}}],"line":57}},"s":{"0":1,"1":1,"2":2,"3":2,"4":1,"5":1,"6":1,"7":1,"8":1,"9":1,"10":1,"11":1,"12":1,"13":1,"14":1,"15":1,"16":1,"17":1,"18":1,"19":1,"20":1,"21":1,"22":1,"23":1,"24":1,"25":1,"26":0,"27":0,"28":0,"29":0,"30":1,"31":1,"32":2,"33":1},"f":{"0":2,"1":1,"2":1},"b":{"0":[1,0],"1":[1,0],"2":[0,1]},"_coverageSchema":"1a1c01bbd47fc00a2c39e90264f33305004495a9","hash":"629d3bcccc7d86013c2a2dc35e1aea661ec8fc21"}
,"/Users/victor.de.s.alves/Projects/twillio/webhook-server-heroku/service/remove-webhook.js": {"path":"/Users/victor.de.s.alves/Projects/twillio/webhook-server-heroku/service/remove-webhook.js","statementMap":{"0":{"start":{"line":2,"column":15},"end":{"line":2,"column":32}},"1":{"start":{"line":3,"column":0},"end":{"line":25,"column":2}},"2":{"start":{"line":4,"column":2},"end":{"line":24,"column":7}},"3":{"start":{"line":5,"column":4},"end":{"line":5,"column":38}},"4":{"start":{"line":6,"column":4},"end":{"line":6,"column":26}},"5":{"start":{"line":8,"column":66},"end":{"line":8,"column":74}},"6":{"start":{"line":11,"column":4},"end":{"line":13,"column":5}},"7":{"start":{"line":12,"column":6},"end":{"line":12,"column":127}},"8":{"start":{"line":15,"column":6},"end":{"line":22,"column":7}},"9":{"start":{"line":16,"column":30},"end":{"line":16,"column":101}},"10":{"start":{"line":18,"column":8},"end":{"line":18,"column":44}},"11":{"start":{"line":20,"column":8},"end":{"line":20,"column":61}},"12":{"start":{"line":21,"column":8},"end":{"line":21,"column":71}},"13":{"start":{"line":23,"column":6},"end":{"line":23,"column":13}},"14":{"start":{"line":28,"column":19},"end":{"line":28,"column":48}},"15":{"start":{"line":29,"column":2},"end":{"line":38,"column":3}},"16":{"start":{"line":30,"column":4},"end":{"line":33,"column":16}},"17":{"start":{"line":35,"column":4},"end":{"line":35,"column":49}},"18":{"start":{"line":37,"column":4},"end":{"line":37,"column":52}}},"fnMap":{"0":{"name":"(anonymous_0)","decl":{"start":{"line":3,"column":17},"end":{"line":3,"column":18}},"loc":{"start":{"line":3,"column":26},"end":{"line":25,"column":1}},"line":3},"1":{"name":"(anonymous_1)","decl":{"start":{"line":4,"column":30},"end":{"line":4,"column":31}},"loc":{"start":{"line":4,"column":50},"end":{"line":24,"column":5}},"line":4},"2":{"name":"removeWebhook","decl":{"start":{"line":27,"column":15},"end":{"line":27,"column":28}},"loc":{"start":{"line":27,"column":81},"end":{"line":39,"column":1}},"line":27}},"branchMap":{"0":{"loc":{"start":{"line":11,"column":4},"end":{"line":13,"column":5}},"type":"if","locations":[{"start":{"line":11,"column":4},"end":{"line":13,"column":5}},{"start":{},"end":{}}],"line":11},"1":{"loc":{"start":{"line":11,"column":8},"end":{"line":11,"column":68}},"type":"binary-expr","locations":[{"start":{"line":11,"column":8},"end":{"line":11,"column":24}},{"start":{"line":11,"column":28},"end":{"line":11,"column":39}},{"start":{"line":11,"column":43},"end":{"line":11,"column":53}},{"start":{"line":11,"column":57},"end":{"line":11,"column":68}}],"line":11}},"s":{"0":1,"1":1,"2":2,"3":2,"4":2,"5":2,"6":2,"7":1,"8":1,"9":1,"10":1,"11":0,"12":0,"13":1,"14":1,"15":1,"16":1,"17":1,"18":0},"f":{"0":2,"1":2,"2":1},"b":{"0":[1,1],"1":[2,2,2,2]},"_coverageSchema":"1a1c01bbd47fc00a2c39e90264f33305004495a9","hash":"f581902c0fda9e2d71d40a0fac53ae512c326d8e"}
}
