TN:
SF:service/create-webhook.js
FN:4,(anonymous_0)
FN:5,(anonymous_1)
FN:58,createStudioWebhook
FN:87,createUrlWebhook
FNF:4
FNH:4
FNDA:7,(anonymous_0)
FNDA:7,(anonymous_1)
FNDA:2,createStudioWebhook
FNDA:2,createUrlWebhook
DA:2,1
DA:4,1
DA:5,7
DA:6,7
DA:7,7
DA:9,7
DA:12,7
DA:13,1
DA:19,6
DA:20,1
DA:25,5
DA:26,1
DA:31,4
DA:34,4
DA:36,2
DA:39,2
DA:42,2
DA:49,2
DA:50,2
DA:59,2
DA:61,2
DA:62,2
DA:71,1
DA:73,1
DA:82,1
DA:83,1
DA:88,2
DA:90,2
DA:91,2
DA:100,1
DA:102,1
DA:112,1
DA:113,1
LF:33
LH:33
BRDA:12,0,0,1
BRDA:12,0,1,6
BRDA:12,1,0,7
BRDA:12,1,1,6
BRDA:12,1,2,6
BRDA:19,2,0,1
BRDA:19,2,1,5
BRDA:19,3,0,6
BRDA:19,3,1,3
BRDA:25,4,0,1
BRDA:25,4,1,4
BRDA:25,5,0,5
BRDA:25,5,1,3
BRDA:34,6,0,2
BRDA:34,6,1,2
BRF:15
BRH:15
end_of_record
TN:
SF:service/fetch-conversations.js
FN:3,(anonymous_0)
FN:4,(anonymous_1)
FN:26,fetchConversation
FNF:3
FNH:3
FNDA:2,(anonymous_0)
FNDA:2,(anonymous_1)
FNDA:2,fetchConversation
DA:2,1
DA:3,1
DA:4,2
DA:5,2
DA:6,2
DA:8,2
DA:11,2
DA:12,0
DA:15,2
DA:16,2
DA:18,1
DA:20,1
DA:21,1
DA:27,2
DA:28,2
DA:29,2
DA:33,1
DA:34,1
DA:36,1
DA:37,1
LF:20
LH:19
BRDA:11,0,0,0
BRDA:11,0,1,2
BRDA:11,1,0,2
BRDA:11,1,1,2
BRDA:11,1,2,2
BRF:5
BRH:4
end_of_record
TN:
SF:service/list-webhooks.js
FN:3,(anonymous_0)
FN:4,(anonymous_1)
FN:26,listWebhooks
FN:36,(anonymous_3)
FNF:4
FNH:4
FNDA:2,(anonymous_0)
FNDA:2,(anonymous_1)
FNDA:2,listWebhooks
FNDA:1,(anonymous_3)
DA:2,1
DA:3,1
DA:4,2
DA:5,2
DA:6,2
DA:8,2
DA:11,2
DA:12,0
DA:15,2
DA:16,2
DA:18,1
DA:20,1
DA:21,1
DA:27,2
DA:28,2
DA:29,2
DA:33,1
DA:35,1
DA:36,1
DA:40,1
DA:50,1
DA:51,1
LF:22
LH:21
BRDA:11,0,0,0
BRDA:11,0,1,2
BRDA:11,1,0,2
BRDA:11,1,1,2
BRDA:11,1,2,2
BRDA:45,2,0,1
BRDA:45,2,1,0
BRF:7
BRH:5
end_of_record
TN:
SF:service/listener-twilio.js
FN:4,(anonymous_0)
FN:8,(anonymous_1)
FN:79,(anonymous_2)
FNF:3
FNH:3
FNDA:2,(anonymous_0)
FNDA:1,(anonymous_1)
FNDA:1,(anonymous_2)
DA:2,1
DA:4,1
DA:6,2
DA:8,2
DA:9,1
DA:10,1
DA:13,1
DA:14,1
DA:34,1
DA:37,1
DA:38,1
DA:39,1
DA:40,1
DA:41,1
DA:42,1
DA:43,1
DA:44,1
DA:45,1
DA:46,1
DA:47,1
DA:50,1
DA:51,1
DA:52,1
DA:53,1
DA:54,1
DA:57,1
DA:58,0
DA:59,0
DA:60,0
DA:62,0
DA:66,1
DA:69,1
DA:79,2
DA:80,1
LF:34
LH:30
BRDA:42,0,0,1
BRDA:42,0,1,0
BRDA:43,1,0,1
BRDA:43,1,1,0
BRDA:57,2,0,0
BRDA:57,2,1,1
BRF:6
BRH:3
end_of_record
TN:
SF:service/remove-webhook.js
FN:3,(anonymous_0)
FN:4,(anonymous_1)
FN:27,removeWebhook
FNF:3
FNH:3
FNDA:2,(anonymous_0)
FNDA:2,(anonymous_1)
FNDA:1,removeWebhook
DA:2,1
DA:3,1
DA:4,2
DA:5,2
DA:6,2
DA:8,2
DA:11,2
DA:12,1
DA:15,1
DA:16,1
DA:18,1
DA:20,0
DA:21,0
DA:23,1
DA:28,1
DA:29,1
DA:30,1
DA:35,1
DA:37,0
LF:19
LH:16
BRDA:11,0,0,1
BRDA:11,0,1,1
BRDA:11,1,0,2
BRDA:11,1,1,2
BRDA:11,1,2,2
BRDA:11,1,3,2
BRF:6
BRH:6
end_of_record
